<?xml version="1.0" encoding="UTF-8"?>
<!-- Generated by org.testng.reporters.JUnitXMLReporter -->
<testsuite hostname="LAPTOP-8M8LQ3RJ" ignored="0" name="Surefire test" tests="1" failures="1" timestamp="17 Sep 2024 20:20:59 GMT" time="50.781" errors="0">
  <testcase name="verifyHomePageTitleTest" time="31.559" classname="com.qa.mottmac.tests.HomePageTest">
    <failure type="java.lang.AssertionError" message="expected [Thank you.] but found [null]">
      <![CDATA[java.lang.AssertionError: expected [Thank you.] but found [null]
at com.qa.mottmac.tests.HomePageTest.verifyHomePageTitleTest(HomePageTest.java:27)
... Removed 36 stack frames]]>
    </failure>
  </testcase> <!-- verifyHomePageTitleTest -->
</testsuite> <!-- Surefire test -->
